<?xml version="1.0" encoding="UTF-8"?>
<testng-results skipped="0" failed="0" total="1" passed="1">
  <reporter-output>
  </reporter-output>
  <suite name="Default suite" duration-ms="22408" started-at="2016-07-03T05:16:44Z" finished-at="2016-07-03T05:17:06Z">
    <groups>
    </groups>
    <test name="Default test" duration-ms="22408" started-at="2016-07-03T05:16:44Z" finished-at="2016-07-03T05:17:06Z">
      <class name="excel.DatadrivenTesting2">
        <test-method status="PASS" signature="registrationTest()[pri:0, instance:excel.DatadrivenTesting2@d2e7d9]" name="registrationTest" duration-ms="22378" started-at="2016-07-03T10:46:44Z" finished-at="2016-07-03T10:47:06Z">
          <reporter-output>
          </reporter-output>
        </test-method> <!-- registrationTest -->
      </class> <!-- excel.DatadrivenTesting2 -->
    </test> <!-- Default test -->
  </suite> <!-- Default suite -->
</testng-results>
